[config] {'epochs': 30, 'lr': 0.001, 'batch_size': 64, 'weight_decay': 0.0001, 'device': None, 'seed': 42, 'loss_mode': 'combined', 'lambda_cls': 0.5, 'cls_temperature': 0.07, 'loss_reweight': 'sqrt_inverse', 'patience': 0}
[config] device=cuda  ckpt=/home/ubuntu/emonarrify/weights/phase2_mlp.pt
[data] train=1935  val=415
[lookup] shape=(5, 256)  order=['neutral', 'happy', 'angry', 'sad', 'surprise']
[reweight] mode=sqrt_inverse  weights={'neutral': 0.237, 'happy': 0.316, 'angry': 2.026, 'sad': 1.124, 'surprise': 1.298}
[epoch   1] train: loss=0.8503 mse=0.1447 cos=0.101 acc=0.672  val: mse=0.1437 cos=0.090 acc=0.564 macro(raw)=0.213 macro(ma3)=0.213  per-class=[neutral=0.76 happy=0.31 angry=0.00 sad=0.00 surprise=0.00]
[epoch   2] train: loss=0.5203 mse=0.0312 cos=0.220 acc=0.763  val: mse=0.0320 cos=0.176 acc=0.513 macro(raw)=0.209 macro(ma3)=0.211  per-class=[neutral=0.60 happy=0.45 angry=0.00 sad=0.00 surprise=0.00]
[epoch   3] train: loss=0.3208 mse=0.0175 cos=0.290 acc=0.829  val: mse=0.0189 cos=0.201 acc=0.458 macro(raw)=0.198 macro(ma3)=0.207  per-class=[neutral=0.61 happy=0.26 angry=0.00 sad=0.00 surprise=0.12]
[epoch   4] train: loss=0.2038 mse=0.0123 cos=0.404 acc=0.875  val: mse=0.0141 cos=0.278 acc=0.480 macro(raw)=0.201 macro(ma3)=0.203  per-class=[neutral=0.52 happy=0.49 angry=0.00 sad=0.00 surprise=0.00]
[epoch   5] train: loss=0.1187 mse=0.0094 cos=0.486 acc=0.976  val: mse=0.0115 cos=0.317 acc=0.542 macro(raw)=0.205 macro(ma3)=0.201  per-class=[neutral=0.73 happy=0.30 angry=0.00 sad=0.00 surprise=0.00]
[epoch   6] train: loss=0.0590 mse=0.0078 cos=0.533 acc=0.966  val: mse=0.0103 cos=0.322 acc=0.516 macro(raw)=0.214 macro(ma3)=0.207  per-class=[neutral=0.58 happy=0.49 angry=0.00 sad=0.00 surprise=0.00]
[epoch   7] train: loss=0.0544 mse=0.0076 cos=0.570 acc=0.967  val: mse=0.0102 cos=0.349 acc=0.549 macro(raw)=0.209 macro(ma3)=0.209  per-class=[neutral=0.73 happy=0.31 angry=0.00 sad=0.00 surprise=0.00]
[epoch   8] train: loss=0.0442 mse=0.0072 cos=0.587 acc=0.981  val: mse=0.0099 cos=0.342 acc=0.554 macro(raw)=0.202 macro(ma3)=0.208  per-class=[neutral=0.79 happy=0.21 angry=0.00 sad=0.00 surprise=0.00]
[epoch   9] train: loss=0.0408 mse=0.0066 cos=0.614 acc=0.969  val: mse=0.0095 cos=0.359 acc=0.561 macro(raw)=0.197 macro(ma3)=0.202  per-class=[neutral=0.85 happy=0.14 angry=0.00 sad=0.00 surprise=0.00]
[epoch  10] train: loss=0.0338 mse=0.0063 cos=0.620 acc=0.991  val: mse=0.0093 cos=0.359 acc=0.557 macro(raw)=0.213 macro(ma3)=0.204  per-class=[neutral=0.73 happy=0.34 angry=0.00 sad=0.00 surprise=0.00]
[epoch  11] train: loss=0.0281 mse=0.0060 cos=0.620 acc=0.984  val: mse=0.0091 cos=0.344 acc=0.525 macro(raw)=0.204 macro(ma3)=0.205  per-class=[neutral=0.67 happy=0.35 angry=0.00 sad=0.00 surprise=0.00]
[epoch  12] train: loss=0.0271 mse=0.0064 cos=0.644 acc=0.972  val: mse=0.0094 cos=0.389 acc=0.588 macro(raw)=0.218 macro(ma3)=0.212  per-class=[neutral=0.82 happy=0.27 angry=0.00 sad=0.00 surprise=0.00]
[epoch  13] train: loss=0.0356 mse=0.0062 cos=0.637 acc=0.985  val: mse=0.0093 cos=0.368 acc=0.571 macro(raw)=0.207 macro(ma3)=0.210  per-class=[neutral=0.82 happy=0.21 angry=0.00 sad=0.00 surprise=0.00]
[epoch  14] train: loss=0.0355 mse=0.0067 cos=0.656 acc=0.988  val: mse=0.0101 cos=0.377 acc=0.566 macro(raw)=0.207 macro(ma3)=0.211  per-class=[neutral=0.81 happy=0.23 angry=0.00 sad=0.00 surprise=0.00]
[epoch  15] train: loss=0.0171 mse=0.0054 cos=0.679 acc=0.995  val: mse=0.0087 cos=0.385 acc=0.561 macro(raw)=0.210 macro(ma3)=0.208  per-class=[neutral=0.77 happy=0.29 angry=0.00 sad=0.00 surprise=0.00]
[epoch  16] train: loss=0.0204 mse=0.0059 cos=0.674 acc=0.995  val: mse=0.0093 cos=0.364 acc=0.528 macro(raw)=0.199 macro(ma3)=0.205  per-class=[neutral=0.71 happy=0.28 angry=0.00 sad=0.00 surprise=0.00]
[epoch  17] train: loss=0.0377 mse=0.0071 cos=0.658 acc=0.983  val: mse=0.0105 cos=0.337 acc=0.516 macro(raw)=0.249 macro(ma3)=0.219  per-class=[neutral=0.65 happy=0.35 angry=0.00 sad=0.00 surprise=0.25]
[epoch  18] train: loss=0.0147 mse=0.0054 cos=0.692 acc=0.986  val: mse=0.0089 cos=0.369 acc=0.530 macro(raw)=0.207 macro(ma3)=0.218  per-class=[neutral=0.67 happy=0.36 angry=0.00 sad=0.00 surprise=0.00]
[epoch  19] train: loss=0.0214 mse=0.0067 cos=0.677 acc=0.983  val: mse=0.0101 cos=0.360 acc=0.504 macro(raw)=0.200 macro(ma3)=0.219  per-class=[neutral=0.62 happy=0.39 angry=0.00 sad=0.00 surprise=0.00]
[epoch  20] train: loss=0.0132 mse=0.0053 cos=0.699 acc=0.997  val: mse=0.0089 cos=0.366 acc=0.513 macro(raw)=0.197 macro(ma3)=0.201  per-class=[neutral=0.67 happy=0.31 angry=0.00 sad=0.00 surprise=0.00]
[epoch  21] train: loss=0.0103 mse=0.0045 cos=0.721 acc=0.989  val: mse=0.0080 cos=0.385 acc=0.525 macro(raw)=0.203 macro(ma3)=0.200  per-class=[neutral=0.67 happy=0.34 angry=0.00 sad=0.00 surprise=0.00]
[epoch  22] train: loss=0.0086 mse=0.0045 cos=0.729 acc=0.994  val: mse=0.0081 cos=0.397 acc=0.528 macro(raw)=0.205 macro(ma3)=0.202  per-class=[neutral=0.67 happy=0.35 angry=0.00 sad=0.00 surprise=0.00]
[epoch  23] train: loss=0.0251 mse=0.0070 cos=0.711 acc=0.985  val: mse=0.0105 cos=0.392 acc=0.542 macro(raw)=0.207 macro(ma3)=0.205  per-class=[neutral=0.72 happy=0.31 angry=0.00 sad=0.00 surprise=0.00]
[epoch  24] train: loss=0.0114 mse=0.0050 cos=0.740 acc=0.999  val: mse=0.0087 cos=0.413 acc=0.552 macro(raw)=0.210 macro(ma3)=0.207  per-class=[neutral=0.73 happy=0.32 angry=0.00 sad=0.00 surprise=0.00]
[epoch  25] train: loss=0.0103 mse=0.0046 cos=0.740 acc=0.998  val: mse=0.0084 cos=0.395 acc=0.547 macro(raw)=0.209 macro(ma3)=0.209  per-class=[neutral=0.72 happy=0.33 angry=0.00 sad=0.00 surprise=0.00]
[epoch  26] train: loss=0.0059 mse=0.0042 cos=0.748 acc=0.998  val: mse=0.0079 cos=0.397 acc=0.547 macro(raw)=0.206 macro(ma3)=0.209  per-class=[neutral=0.74 happy=0.29 angry=0.00 sad=0.00 surprise=0.00]
[epoch  27] train: loss=0.0053 mse=0.0040 cos=0.757 acc=0.997  val: mse=0.0078 cos=0.405 acc=0.545 macro(raw)=0.207 macro(ma3)=0.208  per-class=[neutral=0.72 happy=0.31 angry=0.00 sad=0.00 surprise=0.00]
[epoch  28] train: loss=0.0054 mse=0.0038 cos=0.764 acc=0.999  val: mse=0.0076 cos=0.412 acc=0.559 macro(raw)=0.215 macro(ma3)=0.209  per-class=[neutral=0.73 happy=0.34 angry=0.00 sad=0.00 surprise=0.00]
[epoch  29] train: loss=0.0058 mse=0.0038 cos=0.768 acc=0.998  val: mse=0.0075 cos=0.416 acc=0.561 macro(raw)=0.210 macro(ma3)=0.211  per-class=[neutral=0.77 happy=0.29 angry=0.00 sad=0.00 surprise=0.00]
[epoch  30] train: loss=0.0094 mse=0.0039 cos=0.768 acc=0.992  val: mse=0.0076 cos=0.425 acc=0.557 macro(raw)=0.210 macro(ma3)=0.212  per-class=[neutral=0.75 happy=0.30 angry=0.00 sad=0.00 surprise=0.00]
[done] saved best checkpoint: epoch 17, moving-avg macro=0.219 -> /home/ubuntu/emonarrify/weights/phase2_mlp.pt
