[config] {'epochs': 30, 'lr': 0.001, 'batch_size': 64, 'weight_decay': 0.0001, 'device': None, 'seed': 42, 'loss_mode': 'combined', 'lambda_cls': 0.5, 'cls_temperature': 0.07, 'loss_reweight': 'sqrt_inverse', 'patience': 0, 'oversample': True}
[config] device=cuda  ckpt=/home/ubuntu/emonarrify/weights/phase2_mlp.pt
[data] train=1935  val=415
[oversample] enabled  weights=1/class_count  expected per-class freq = uniform
[lookup] shape=(5, 256)  order=['neutral', 'happy', 'angry', 'sad', 'surprise']
[reweight] mode=sqrt_inverse  weights={'neutral': 0.237, 'happy': 0.316, 'angry': 2.026, 'sad': 1.124, 'surprise': 1.298}
[epoch   1] train: loss=0.3473 mse=0.0193 cos=0.192 acc=0.414  val: mse=0.0199 cos=0.157 acc=0.311 macro(raw)=0.219 macro(ma3)=0.219  per-class=[neutral=0.30 happy=0.36 angry=0.25 sad=0.18 surprise=0.00]
[epoch   2] train: loss=0.0726 mse=0.0100 cos=0.374 acc=0.577  val: mse=0.0109 cos=0.308 acc=0.371 macro(raw)=0.227 macro(ma3)=0.223  per-class=[neutral=0.26 happy=0.62 angry=0.25 sad=0.00 surprise=0.00]
[epoch   3] train: loss=0.0523 mse=0.0089 cos=0.425 acc=0.626  val: mse=0.0099 cos=0.344 acc=0.395 macro(raw)=0.236 macro(ma3)=0.227  per-class=[neutral=0.29 happy=0.64 angry=0.25 sad=0.00 surprise=0.00]
[epoch   4] train: loss=0.0466 mse=0.0082 cos=0.471 acc=0.771  val: mse=0.0093 cos=0.379 acc=0.511 macro(raw)=0.240 macro(ma3)=0.234  per-class=[neutral=0.69 happy=0.26 angry=0.25 sad=0.00 surprise=0.00]
[epoch   5] train: loss=0.0422 mse=0.0080 cos=0.477 acc=0.753  val: mse=0.0093 cos=0.377 acc=0.446 macro(raw)=0.245 macro(ma3)=0.240  per-class=[neutral=0.42 happy=0.55 angry=0.25 sad=0.00 surprise=0.00]
[epoch   6] train: loss=0.0299 mse=0.0071 cos=0.523 acc=0.859  val: mse=0.0085 cos=0.405 acc=0.508 macro(raw)=0.247 macro(ma3)=0.244  per-class=[neutral=0.65 happy=0.34 angry=0.25 sad=0.00 surprise=0.00]
[epoch   7] train: loss=0.0247 mse=0.0068 cos=0.534 acc=0.842  val: mse=0.0084 cos=0.401 acc=0.499 macro(raw)=0.268 macro(ma3)=0.253  per-class=[neutral=0.62 happy=0.34 angry=0.25 sad=0.00 surprise=0.12]
[epoch   8] train: loss=0.0259 mse=0.0068 cos=0.569 acc=0.888  val: mse=0.0084 cos=0.443 acc=0.549 macro(raw)=0.254 macro(ma3)=0.256  per-class=[neutral=0.75 happy=0.27 angry=0.25 sad=0.00 surprise=0.00]
[epoch   9] train: loss=0.0222 mse=0.0064 cos=0.560 acc=0.884  val: mse=0.0081 cos=0.412 acc=0.518 macro(raw)=0.291 macro(ma3)=0.271  per-class=[neutral=0.55 happy=0.53 angry=0.25 sad=0.00 surprise=0.12]
[epoch  10] train: loss=0.0196 mse=0.0063 cos=0.578 acc=0.873  val: mse=0.0080 cos=0.431 acc=0.513 macro(raw)=0.289 macro(ma3)=0.278  per-class=[neutral=0.54 happy=0.53 angry=0.25 sad=0.00 surprise=0.12]
[epoch  11] train: loss=0.0185 mse=0.0061 cos=0.579 acc=0.874  val: mse=0.0080 cos=0.420 acc=0.465 macro(raw)=0.274 macro(ma3)=0.285  per-class=[neutral=0.46 happy=0.54 angry=0.25 sad=0.00 surprise=0.12]
[epoch  12] train: loss=0.0140 mse=0.0059 cos=0.615 acc=0.918  val: mse=0.0079 cos=0.451 acc=0.520 macro(raw)=0.287 macro(ma3)=0.284  per-class=[neutral=0.58 happy=0.48 angry=0.25 sad=0.00 surprise=0.12]
[epoch  13] train: loss=0.0122 mse=0.0056 cos=0.637 acc=0.937  val: mse=0.0077 cos=0.459 acc=0.557 macro(raw)=0.298 macro(ma3)=0.287  per-class=[neutral=0.65 happy=0.46 angry=0.25 sad=0.00 surprise=0.12]
[epoch  14] train: loss=0.0107 mse=0.0053 cos=0.633 acc=0.954  val: mse=0.0077 cos=0.420 acc=0.506 macro(raw)=0.264 macro(ma3)=0.283  per-class=[neutral=0.68 happy=0.26 angry=0.25 sad=0.00 surprise=0.12]
[epoch  15] train: loss=0.0086 mse=0.0052 cos=0.647 acc=0.953  val: mse=0.0076 cos=0.427 acc=0.537 macro(raw)=0.278 macro(ma3)=0.280  per-class=[neutral=0.71 happy=0.31 angry=0.25 sad=0.00 surprise=0.12]
[epoch  16] train: loss=0.0100 mse=0.0049 cos=0.676 acc=0.962  val: mse=0.0074 cos=0.468 acc=0.588 macro(raw)=0.289 macro(ma3)=0.277  per-class=[neutral=0.83 happy=0.24 angry=0.25 sad=0.00 surprise=0.12]
[epoch  17] train: loss=0.0098 mse=0.0052 cos=0.655 acc=0.940  val: mse=0.0077 cos=0.433 acc=0.458 macro(raw)=0.269 macro(ma3)=0.279  per-class=[neutral=0.46 happy=0.51 angry=0.25 sad=0.00 surprise=0.12]
[epoch  18] train: loss=0.0097 mse=0.0048 cos=0.697 acc=0.967  val: mse=0.0075 cos=0.482 acc=0.557 macro(raw)=0.278 macro(ma3)=0.279  per-class=[neutral=0.78 happy=0.24 angry=0.25 sad=0.00 surprise=0.12]
[epoch  19] train: loss=0.0084 mse=0.0051 cos=0.659 acc=0.938  val: mse=0.0078 cos=0.414 acc=0.520 macro(raw)=0.287 macro(ma3)=0.278  per-class=[neutral=0.73 happy=0.21 angry=0.25 sad=0.00 surprise=0.25]
[epoch  20] train: loss=0.0247 mse=0.0075 cos=0.680 acc=0.968  val: mse=0.0098 cos=0.485 acc=0.573 macro(raw)=0.287 macro(ma3)=0.284  per-class=[neutral=0.78 happy=0.28 angry=0.25 sad=0.00 surprise=0.12]
[epoch  21] train: loss=0.0111 mse=0.0055 cos=0.682 acc=0.951  val: mse=0.0081 cos=0.456 acc=0.535 macro(raw)=0.269 macro(ma3)=0.281  per-class=[neutral=0.61 happy=0.49 angry=0.25 sad=0.00 surprise=0.00]
[epoch  22] train: loss=0.0100 mse=0.0051 cos=0.699 acc=0.966  val: mse=0.0078 cos=0.473 acc=0.533 macro(raw)=0.285 macro(ma3)=0.280  per-class=[neutral=0.64 happy=0.41 angry=0.25 sad=0.00 surprise=0.12]
[epoch  23] train: loss=0.0098 mse=0.0058 cos=0.702 acc=0.958  val: mse=0.0085 cos=0.463 acc=0.508 macro(raw)=0.276 macro(ma3)=0.277  per-class=[neutral=0.61 happy=0.40 angry=0.25 sad=0.00 surprise=0.12]
[epoch  24] train: loss=0.0067 mse=0.0049 cos=0.715 acc=0.975  val: mse=0.0077 cos=0.466 acc=0.523 macro(raw)=0.276 macro(ma3)=0.279  per-class=[neutral=0.66 happy=0.34 angry=0.25 sad=0.00 surprise=0.12]
[epoch  25] train: loss=0.0075 mse=0.0047 cos=0.713 acc=0.966  val: mse=0.0075 cos=0.467 acc=0.511 macro(raw)=0.278 macro(ma3)=0.277  per-class=[neutral=0.60 happy=0.41 angry=0.25 sad=0.00 surprise=0.12]
[epoch  26] train: loss=0.0053 mse=0.0044 cos=0.730 acc=0.981  val: mse=0.0073 cos=0.470 acc=0.545 macro(raw)=0.288 macro(ma3)=0.281  per-class=[neutral=0.67 happy=0.40 angry=0.25 sad=0.00 surprise=0.12]
[epoch  27] train: loss=0.0057 mse=0.0042 cos=0.739 acc=0.983  val: mse=0.0072 cos=0.475 acc=0.525 macro(raw)=0.280 macro(ma3)=0.282  per-class=[neutral=0.65 happy=0.38 angry=0.25 sad=0.00 surprise=0.12]
[epoch  28] train: loss=0.0041 mse=0.0042 cos=0.737 acc=0.974  val: mse=0.0073 cos=0.460 acc=0.525 macro(raw)=0.278 macro(ma3)=0.282  per-class=[neutral=0.66 happy=0.35 angry=0.25 sad=0.00 surprise=0.12]
[epoch  29] train: loss=0.0039 mse=0.0040 cos=0.747 acc=0.976  val: mse=0.0070 cos=0.476 acc=0.545 macro(raw)=0.281 macro(ma3)=0.279  per-class=[neutral=0.71 happy=0.31 angry=0.25 sad=0.00 surprise=0.12]
[epoch  30] train: loss=0.0060 mse=0.0041 cos=0.752 acc=0.974  val: mse=0.0072 cos=0.477 acc=0.559 macro(raw)=0.283 macro(ma3)=0.280  per-class=[neutral=0.75 happy=0.29 angry=0.25 sad=0.00 surprise=0.12]
[done] saved best checkpoint: epoch 13, moving-avg macro=0.287 -> /home/ubuntu/emonarrify/weights/phase2_mlp.pt
