/home/ubuntu/miniconda3/envs/emona_ser/lib/python3.11/site-packages/transformers/configuration_utils.py:335: UserWarning: Passing `gradient_checkpointing` to a config initialization is deprecated and will be removed in v5 Transformers. Using `model.gradient_checkpointing_enable()` instead, or if you are using the `Trainer` API, pass `gradient_checkpointing=True` in your `TrainingArguments`.
  warnings.warn(
Device set to use cuda:0
You seem to be using the pipelines sequentially on GPU. In order to maximize efficiency please use a dataset
[classify] loading SER (superb/wav2vec2-base-superb-er) device=0
[classify] 56 wavs to classify
[classify] 10/56 done
[classify] 20/56 done
[classify] 30/56 done
[classify] 40/56 done
[classify] 50/56 done

=== SER e2e eval ===
overall_acc: 0.3571 (20/56)
macro_acc:   0.2426
per-class:
    neutral: 7/34 = 0.206
      happy: 13/17 = 0.765
      angry: N=0
        sad: 0/2 = 0.000
   surprise: 0/3 = 0.000

confusion (true rows x pred cols):
          neutral     happy     angry       sad  surprise   unknown
 neutral        7        27         0         0         0         0
   happy        4        13         0         0         0         0
   angry        0         0         0         0         0         0
     sad        0         2         0         0         0         0
surprise        1         2         0         0         0         0

output: /home/ubuntu/emonarrify/outputs/ser_e2e_eval.json
