/home/ubuntu/miniconda3/envs/emona/lib/python3.10/site-packages/torch/nn/utils/weight_norm.py:144: FutureWarning: `torch.nn.utils.weight_norm` is deprecated in favor of `torch.nn.utils.parametrizations.weight_norm`.
  WeightNorm.apply(module, name, dim)
[synthesize] loading EmoNarrifyPipeline (fallback=True) ...
[EmoNarrify] Initializing pipeline...
INFO:root:Loaded checkpoint '/home/ubuntu/emonarrify/weights/phase3_new_v1/G_18000.pth' (iteration 42)
[EmoNarrify] Pipeline ready - REAL (FALLBACK mode)
DEBUG:PIL.Image:Importing JpegImagePlugin
DEBUG:PIL.TiffImagePlugin:tag: Make (271) - type: string (2) Tag Location: 22 - Data Location: 158 - value: b'FUJIFILM\x00'
DEBUG:PIL.TiffImagePlugin:tag: Model (272) - type: string (2) Tag Location: 34 - Data Location: 168 - value: b'FinePix E500   \x00'
DEBUG:PIL.TiffImagePlugin:tag: Orientation (274) - type: short (3) - value: b'\x00\x01'
DEBUG:PIL.TiffImagePlugin:tag: XResolution (282) - type: rational (5) Tag Location: 58 - Data Location: 184 - value: b'\x00\x00\x00H\x00\x00\x00\x01'
DEBUG:PIL.TiffImagePlugin:tag: YResolution (283) - type: rational (5) Tag Location: 70 - Data Location: 192 - value: b'\x00\x00\x00H\x00\x00\x00\x01'
DEBUG:PIL.TiffImagePlugin:tag: ResolutionUnit (296) - type: short (3) - value: b'\x00\x02'
DEBUG:PIL.TiffImagePlugin:tag: Software (305) - type: string (2) Tag Location: 94 - Data Location: 200 - value: <table: 39 bytes>
DEBUG:PIL.TiffImagePlugin:tag: DateTime (306) - type: string (2) Tag Location: 106 - Data Location: 240 - value: b'2006:07:04 23:31:41\x00'
DEBUG:PIL.TiffImagePlugin:tag: YCbCrPositioning (531) - type: short (3) - value: b'\x00\x02'
DEBUG:PIL.TiffImagePlugin:tag: Copyright (33432) - type: string (2) Tag Location: 130 - Data Location: 260 - value: b'    \x00'
DEBUG:PIL.TiffImagePlugin:tag: ExifIFD (34665) - type: long (4) - value: b'\x00\x00\x01&'
DEBUG:PIL.TiffImagePlugin:tag: unknown (50341) - type: undefined (7) Tag Location: 154 - Data Location: 266 - value: b'PrintIM\x000250\x00\x00\x00\x02\x00\x02\x01\x00\x00\x00\x01\x01\x00\x00\x00\x00'
DEBUG:PIL.TiffImagePlugin:tag: Make (271) - type: string (2) Tag Location: 22 - Data Location: 110 - value: b'Canon\x00'
DEBUG:PIL.TiffImagePlugin:tag: Model (272) - type: string (2) Tag Location: 34 - Data Location: 116 - value: b'Canon EOS DIGITAL REBEL XSi\x00'
DEBUG:PIL.TiffImagePlugin:tag: XResolution (282) - type: rational (5) Tag Location: 46 - Data Location: 144 - value: b'2\x00\x00\x00\x01\x00\x00\x00'
DEBUG:PIL.TiffImagePlugin:tag: YResolution (283) - type: rational (5) Tag Location: 58 - Data Location: 152 - value: b'2\x00\x00\x00\x01\x00\x00\x00'
DEBUG:PIL.TiffImagePlugin:tag: ResolutionUnit (296) - type: short (3) - value: b'\x02\x00'
DEBUG:PIL.TiffImagePlugin:tag: Software (305) - type: string (2) Tag Location: 82 - Data Location: 160 - value: b'Adobe Photoshop CS Windows\x00'
DEBUG:PIL.TiffImagePlugin:tag: DateTime (306) - type: string (2) Tag Location: 94 - Data Location: 188 - value: b'2010:09:04 15:48:36\x00'
DEBUG:PIL.TiffImagePlugin:tag: ExifIFD (34665) - type: long (4) - value: b'\xd0\x00\x00\x00'
DEBUG:PIL.TiffImagePlugin:tag: Make (271) - type: string (2) Tag Location: 22 - Data Location: 122 - value: b'Canon\x00'
DEBUG:PIL.TiffImagePlugin:tag: Model (272) - type: string (2) Tag Location: 34 - Data Location: 128 - value: b'Canon PowerShot S50\x00\x00\x00\x00\x00\x00\x00\x00\x00\x00\x00\x00\x00'
DEBUG:PIL.TiffImagePlugin:tag: Orientation (274) - type: short (3) - value: b'\x01\x00'
DEBUG:PIL.TiffImagePlugin:tag: XResolution (282) - type: rational (5) Tag Location: 58 - Data Location: 160 - value: b'\xb4\x00\x00\x00\x01\x00\x00\x00'
DEBUG:PIL.TiffImagePlugin:tag: YResolution (283) - type: rational (5) Tag Location: 70 - Data Location: 168 - value: b'\xb4\x00\x00\x00\x01\x00\x00\x00'
DEBUG:PIL.TiffImagePlugin:tag: ResolutionUnit (296) - type: short (3) - value: b'\x02\x00'
DEBUG:PIL.TiffImagePlugin:tag: DateTime (306) - type: string (2) Tag Location: 94 - Data Location: 176 - value: b'2005:06:09 20:01:24\x00'
DEBUG:PIL.TiffImagePlugin:tag: YCbCrPositioning (531) - type: short (3) - value: b'\x01\x00'
DEBUG:PIL.TiffImagePlugin:tag: ExifIFD (34665) - type: long (4) - value: b'\xc4\x00\x00\x00'
DEBUG:PIL.TiffImagePlugin:tag: Make (271) - type: string (2) Tag Location: 22 - Data Location: 98 - value: b'Canon\x00'
DEBUG:PIL.TiffImagePlugin:tag: Model (272) - type: string (2) Tag Location: 34 - Data Location: 104 - value: b'Canon EOS 5D Mark II\x00'
DEBUG:PIL.TiffImagePlugin:tag: XResolution (282) - type: rational (5) Tag Location: 46 - Data Location: 126 - value: b',\x01\x00\x00\x01\x00\x00\x00'
DEBUG:PIL.TiffImagePlugin:tag: YResolution (283) - type: rational (5) Tag Location: 58 - Data Location: 134 - value: b',\x01\x00\x00\x01\x00\x00\x00'
DEBUG:PIL.TiffImagePlugin:tag: ResolutionUnit (296) - type: short (3) - value: b'\x02\x00'
DEBUG:PIL.TiffImagePlugin:tag: DateTime (306) - type: string (2) Tag Location: 82 - Data Location: 142 - value: b'2012:02:06 21:34:57\x00'
DEBUG:PIL.TiffImagePlugin:tag: ExifIFD (34665) - type: long (4) - value: b'\xa2\x00\x00\x00'
DEBUG:PIL.TiffImagePlugin:tag: Make (271) - type: string (2) Tag Location: 22 - Data Location: 146 - value: b'Panasonic\x00'
DEBUG:PIL.TiffImagePlugin:tag: Model (272) - type: string (2) Tag Location: 34 - Data Location: 156 - value: b'DMC-TZ1\x00'
DEBUG:PIL.TiffImagePlugin:tag: Orientation (274) - type: short (3) - value: b'\x01\x00'
DEBUG:PIL.TiffImagePlugin:tag: XResolution (282) - type: rational (5) Tag Location: 58 - Data Location: 164 - value: b'H\x00\x00\x00\x01\x00\x00\x00'
DEBUG:PIL.TiffImagePlugin:tag: YResolution (283) - type: rational (5) Tag Location: 70 - Data Location: 172 - value: b'H\x00\x00\x00\x01\x00\x00\x00'
DEBUG:PIL.TiffImagePlugin:tag: ResolutionUnit (296) - type: short (3) - value: b'\x02\x00'
DEBUG:PIL.TiffImagePlugin:tag: Software (305) - type: string (2) Tag Location: 94 - Data Location: 180 - value: b'Ver.1.0  \x00'
DEBUG:PIL.TiffImagePlugin:tag: DateTime (306) - type: string (2) Tag Location: 106 - Data Location: 190 - value: b'2006:07:04 11:04:15\x00'
DEBUG:PIL.TiffImagePlugin:tag: YCbCrPositioning (531) - type: short (3) - value: b'\x02\x00'
DEBUG:PIL.TiffImagePlugin:tag: ExifIFD (34665) - type: long (4) - value: b'\xa2\x01\x00\x00'
DEBUG:PIL.TiffImagePlugin:tag: unknown (50341) - type: undefined (7) Tag Location: 142 - Data Location: 210 - value: <table: 208 bytes>
DEBUG:PIL.TiffImagePlugin:tag: ImageDescription (270) - type: string (2) Tag Location: 22 - Data Location: 146 - value: b'          \x00'
DEBUG:PIL.TiffImagePlugin:tag: Make (271) - type: string (2) Tag Location: 34 - Data Location: 178 - value: b'NIKON\x00'
DEBUG:PIL.TiffImagePlugin:tag: Model (272) - type: string (2) Tag Location: 46 - Data Location: 202 - value: b'E3100\x00'
DEBUG:PIL.TiffImagePlugin:tag: Orientation (274) - type: short (3) - value: b'\x01\x00'
DEBUG:PIL.TiffImagePlugin:tag: XResolution (282) - type: rational (5) Tag Location: 70 - Data Location: 216 - value: b',\x01\x00\x00\x01\x00\x00\x00'
DEBUG:PIL.TiffImagePlugin:tag: YResolution (283) - type: rational (5) Tag Location: 82 - Data Location: 224 - value: b',\x01\x00\x00\x01\x00\x00\x00'
DEBUG:PIL.TiffImagePlugin:tag: ResolutionUnit (296) - type: short (3) - value: b'\x02\x00'
DEBUG:PIL.TiffImagePlugin:tag: Software (305) - type: string (2) Tag Location: 106 - Data Location: 232 - value: b'E3100v1.2\x00'
DEBUG:PIL.TiffImagePlugin:tag: DateTime (306) - type: string (2) Tag Location: 118 - Data Location: 264 - value: b'2005:12:11 08:10:51\x00'
DEBUG:PIL.TiffImagePlugin:tag: YCbCrPositioning (531) - type: short (3) - value: b'\x02\x00'
DEBUG:PIL.TiffImagePlugin:tag: ExifIFD (34665) - type: long (4) - value: b'\x1c\x01\x00\x00'
[synthesize] 10 done
DEBUG:PIL.TiffImagePlugin:tag: Make (271) - type: string (2) Tag Location: 22 - Data Location: 158 - value: b'Canon\x00'
DEBUG:PIL.TiffImagePlugin:tag: Model (272) - type: string (2) Tag Location: 34 - Data Location: 164 - value: b'Canon EOS 10D\x00'
DEBUG:PIL.TiffImagePlugin:tag: Orientation (274) - type: short (3) - value: b'\x00\x01'
DEBUG:PIL.TiffImagePlugin:tag: Orientation (274) - type: short (3) - value: b'\x00\x01'
DEBUG:PIL.TiffImagePlugin:tag: XResolution (282) - type: rational (5) Tag Location: 70 - Data Location: 178 - value: b'\x00H\x00\x00\x00\x01\x00\x00'
DEBUG:PIL.TiffImagePlugin:tag: YResolution (283) - type: rational (5) Tag Location: 82 - Data Location: 186 - value: b'\x00H\x00\x00\x00\x01\x00\x00'
DEBUG:PIL.TiffImagePlugin:tag: ResolutionUnit (296) - type: short (3) - value: b'\x00\x02'
DEBUG:PIL.TiffImagePlugin:tag: Software (305) - type: string (2) Tag Location: 106 - Data Location: 194 - value: b'QuickTime 7.2.1\x00'
DEBUG:PIL.TiffImagePlugin:tag: DateTime (306) - type: string (2) Tag Location: 118 - Data Location: 210 - value: b'2008:06:17 10:51:14\x00'
DEBUG:PIL.TiffImagePlugin:tag: HostComputer (316) - type: string (2) Tag Location: 130 - Data Location: 230 - value: b'Mac OS X 10.5\x00'
DEBUG:PIL.TiffImagePlugin:tag: YCbCrPositioning (531) - type: short (3) - value: b'\x00\x01'
DEBUG:PIL.TiffImagePlugin:tag: ExifIFD (34665) - type: long (4) - value: b'\x00\x00\x00\xf4'
DEBUG:PIL.TiffImagePlugin:tag: Make (271) - type: string (2) Tag Location: 22 - Data Location: 98 - value: b'Canon\x00'
DEBUG:PIL.TiffImagePlugin:tag: Model (272) - type: string (2) Tag Location: 34 - Data Location: 104 - value: b'Canon EOS DIGITAL REBEL XSi\x00'
DEBUG:PIL.TiffImagePlugin:tag: XResolution (282) - type: rational (5) Tag Location: 46 - Data Location: 132 - value: b'\xf0\x00\x00\x00\x01\x00\x00\x00'
DEBUG:PIL.TiffImagePlugin:tag: YResolution (283) - type: rational (5) Tag Location: 58 - Data Location: 140 - value: b'\xf0\x00\x00\x00\x01\x00\x00\x00'
DEBUG:PIL.TiffImagePlugin:tag: ResolutionUnit (296) - type: short (3) - value: b'\x02\x00'
DEBUG:PIL.TiffImagePlugin:tag: DateTime (306) - type: string (2) Tag Location: 82 - Data Location: 148 - value: b'2010:10:06 17:14:46\x00'
DEBUG:PIL.TiffImagePlugin:tag: ExifIFD (34665) - type: long (4) - value: b'\xa8\x00\x00\x00'
DEBUG:PIL.TiffImagePlugin:tag: Make (271) - type: string (2) Tag Location: 22 - Data Location: 122 - value: b'Canon\x00'
DEBUG:PIL.TiffImagePlugin:tag: Model (272) - type: string (2) Tag Location: 34 - Data Location: 128 - value: b'Canon PowerShot A95\x00'
DEBUG:PIL.TiffImagePlugin:tag: XResolution (282) - type: rational (5) Tag Location: 46 - Data Location: 148 - value: b'\xb4\x00\x00\x00\x01\x00\x00\x00'
DEBUG:PIL.TiffImagePlugin:tag: YResolution (283) - type: rational (5) Tag Location: 58 - Data Location: 156 - value: b'\xb4\x00\x00\x00\x01\x00\x00\x00'
DEBUG:PIL.TiffImagePlugin:tag: ResolutionUnit (296) - type: short (3) - value: b'\x02\x00'
DEBUG:PIL.TiffImagePlugin:tag: Software (305) - type: string (2) Tag Location: 82 - Data Location: 164 - value: <table: 42 bytes>
DEBUG:PIL.TiffImagePlugin:tag: DateTime (306) - type: string (2) Tag Location: 94 - Data Location: 206 - value: b'2007:07:08 12:42:03\x00'
DEBUG:PIL.TiffImagePlugin:tag: YCbCrPositioning (531) - type: short (3) - value: b'\x01\x00'
DEBUG:PIL.TiffImagePlugin:tag: ExifIFD (34665) - type: long (4) - value: b'\xe2\x00\x00\x00'
[synthesize] 20 done
DEBUG:PIL.TiffImagePlugin:tag: ImageDescription (270) - type: string (2) Tag Location: 22 - Data Location: 146 - value: b'                               \x00'
DEBUG:PIL.TiffImagePlugin:tag: Make (271) - type: string (2) Tag Location: 34 - Data Location: 178 - value: b'SONY\x00'
DEBUG:PIL.TiffImagePlugin:tag: Model (272) - type: string (2) Tag Location: 46 - Data Location: 184 - value: b'DSC-W1\x00'
DEBUG:PIL.TiffImagePlugin:tag: Orientation (274) - type: short (3) - value: b'\x01\x00'
DEBUG:PIL.TiffImagePlugin:tag: XResolution (282) - type: rational (5) Tag Location: 70 - Data Location: 192 - value: b'H\x00\x00\x00\x01\x00\x00\x00'
DEBUG:PIL.TiffImagePlugin:tag: YResolution (283) - type: rational (5) Tag Location: 82 - Data Location: 200 - value: b'H\x00\x00\x00\x01\x00\x00\x00'
DEBUG:PIL.TiffImagePlugin:tag: ResolutionUnit (296) - type: short (3) - value: b'\x02\x00'
DEBUG:PIL.TiffImagePlugin:tag: DateTime (306) - type: string (2) Tag Location: 106 - Data Location: 208 - value: b'2007:07:04 09:14:47\x00'
DEBUG:PIL.TiffImagePlugin:tag: YCbCrPositioning (531) - type: short (3) - value: b'\x02\x00'
DEBUG:PIL.TiffImagePlugin:tag: ExifIFD (34665) - type: long (4) - value: b'\x00\x01\x00\x00'
DEBUG:PIL.TiffImagePlugin:tag: unknown (50341) - type: undefined (7) Tag Location: 142 - Data Location: 228 - value: b'PrintIM\x000250\x00\x00\x02\x00\x02\x00\x01\x00\x00\x00\x01\x01\x00\x00\x00\x00'
DEBUG:PIL.TiffImagePlugin:tag: Make (271) - type: string (2) Tag Location: 22 - Data Location: 122 - value: b'Canon\x00'
DEBUG:PIL.TiffImagePlugin:tag: Model (272) - type: string (2) Tag Location: 34 - Data Location: 128 - value: b'Canon PowerShot A95\x00'
DEBUG:PIL.TiffImagePlugin:tag: XResolution (282) - type: rational (5) Tag Location: 46 - Data Location: 148 - value: b'\xb4\x00\x00\x00\x01\x00\x00\x00'
DEBUG:PIL.TiffImagePlugin:tag: YResolution (283) - type: rational (5) Tag Location: 58 - Data Location: 156 - value: b'\xb4\x00\x00\x00\x01\x00\x00\x00'
DEBUG:PIL.TiffImagePlugin:tag: ResolutionUnit (296) - type: short (3) - value: b'\x02\x00'
DEBUG:PIL.TiffImagePlugin:tag: Software (305) - type: string (2) Tag Location: 82 - Data Location: 164 - value: <table: 42 bytes>
DEBUG:PIL.TiffImagePlugin:tag: DateTime (306) - type: string (2) Tag Location: 94 - Data Location: 206 - value: b'2007:07:08 12:42:45\x00'
DEBUG:PIL.TiffImagePlugin:tag: YCbCrPositioning (531) - type: short (3) - value: b'\x01\x00'
DEBUG:PIL.TiffImagePlugin:tag: ExifIFD (34665) - type: long (4) - value: b'\xe2\x00\x00\x00'
DEBUG:PIL.TiffImagePlugin:tag: Make (271) - type: string (2) Tag Location: 22 - Data Location: 134 - value: b'Canon\x00'
DEBUG:PIL.TiffImagePlugin:tag: Model (272) - type: string (2) Tag Location: 34 - Data Location: 140 - value: b'Canon PowerShot A95\x00'
DEBUG:PIL.TiffImagePlugin:tag: Orientation (274) - type: short (3) - value: b'\x01\x00'
DEBUG:PIL.TiffImagePlugin:tag: XResolution (282) - type: rational (5) Tag Location: 58 - Data Location: 160 - value: b'\xb4\x00\x00\x00\x01\x00\x00\x00'
DEBUG:PIL.TiffImagePlugin:tag: YResolution (283) - type: rational (5) Tag Location: 70 - Data Location: 168 - value: b'\xb4\x00\x00\x00\x01\x00\x00\x00'
DEBUG:PIL.TiffImagePlugin:tag: ResolutionUnit (296) - type: short (3) - value: b'\x02\x00'
DEBUG:PIL.TiffImagePlugin:tag: Software (305) - type: string (2) Tag Location: 94 - Data Location: 176 - value: <table: 42 bytes>
DEBUG:PIL.TiffImagePlugin:tag: DateTime (306) - type: string (2) Tag Location: 106 - Data Location: 218 - value: b'2007:07:08 12:35:35\x00'
DEBUG:PIL.TiffImagePlugin:tag: YCbCrPositioning (531) - type: short (3) - value: b'\x01\x00'
DEBUG:PIL.TiffImagePlugin:tag: ExifIFD (34665) - type: long (4) - value: b'\xee\x00\x00\x00'
DEBUG:PIL.TiffImagePlugin:tag: Make (271) - type: string (2) Tag Location: 22 - Data Location: 146 - value: b'Panasonic\x00'
DEBUG:PIL.TiffImagePlugin:tag: Model (272) - type: string (2) Tag Location: 34 - Data Location: 156 - value: b'DMC-FX3\x00'
DEBUG:PIL.TiffImagePlugin:tag: Orientation (274) - type: short (3) - value: b'\x01\x00'
DEBUG:PIL.TiffImagePlugin:tag: XResolution (282) - type: rational (5) Tag Location: 58 - Data Location: 164 - value: b'H\x00\x00\x00\x01\x00\x00\x00'
DEBUG:PIL.TiffImagePlugin:tag: YResolution (283) - type: rational (5) Tag Location: 70 - Data Location: 172 - value: b'H\x00\x00\x00\x01\x00\x00\x00'
DEBUG:PIL.TiffImagePlugin:tag: ResolutionUnit (296) - type: short (3) - value: b'\x02\x00'
DEBUG:PIL.TiffImagePlugin:tag: Software (305) - type: string (2) Tag Location: 94 - Data Location: 180 - value: b'Ver.1.0  \x00'
DEBUG:PIL.TiffImagePlugin:tag: DateTime (306) - type: string (2) Tag Location: 106 - Data Location: 190 - value: b'2009:12:27 17:17:53\x00'
DEBUG:PIL.TiffImagePlugin:tag: YCbCrPositioning (531) - type: short (3) - value: b'\x02\x00'
DEBUG:PIL.TiffImagePlugin:tag: ExifIFD (34665) - type: long (4) - value: b'\xa2\x01\x00\x00'
DEBUG:PIL.TiffImagePlugin:tag: unknown (50341) - type: undefined (7) Tag Location: 142 - Data Location: 210 - value: <table: 208 bytes>
DEBUG:PIL.TiffImagePlugin:tag: Make (271) - type: string (2) Tag Location: 22 - Data Location: 122 - value: b'Canon\x00'
DEBUG:PIL.TiffImagePlugin:tag: Model (272) - type: string (2) Tag Location: 34 - Data Location: 128 - value: b'Canon PowerShot SD1000\x00'
DEBUG:PIL.TiffImagePlugin:tag: Orientation (274) - type: short (3) - value: b'\x01\x00'
DEBUG:PIL.TiffImagePlugin:tag: XResolution (282) - type: rational (5) Tag Location: 58 - Data Location: 160 - value: b'\xb4\x00\x00\x00\x01\x00\x00\x00'
DEBUG:PIL.TiffImagePlugin:tag: YResolution (283) - type: rational (5) Tag Location: 70 - Data Location: 168 - value: b'\xb4\x00\x00\x00\x01\x00\x00\x00'
DEBUG:PIL.TiffImagePlugin:tag: ResolutionUnit (296) - type: short (3) - value: b'\x02\x00'
DEBUG:PIL.TiffImagePlugin:tag: DateTime (306) - type: string (2) Tag Location: 94 - Data Location: 176 - value: b'2009:12:22 18:19:20\x00'
DEBUG:PIL.TiffImagePlugin:tag: YCbCrPositioning (531) - type: short (3) - value: b'\x01\x00'
DEBUG:PIL.TiffImagePlugin:tag: ExifIFD (34665) - type: long (4) - value: b'\xc4\x00\x00\x00'
DEBUG:PIL.TiffImagePlugin:tag: Make (271) - type: string (2) Tag Location: 22 - Data Location: 146 - value: b'PENTAX Corporation \x00'
DEBUG:PIL.TiffImagePlugin:tag: Model (272) - type: string (2) Tag Location: 34 - Data Location: 166 - value: b'PENTAX Optio S5n \x00'
DEBUG:PIL.TiffImagePlugin:tag: Orientation (274) - type: short (3) - value: b'\x00\x01'
DEBUG:PIL.TiffImagePlugin:tag: XResolution (282) - type: rational (5) Tag Location: 58 - Data Location: 184 - value: b'\x00\x00\x00H\x00\x00\x00\x01'
DEBUG:PIL.TiffImagePlugin:tag: YResolution (283) - type: rational (5) Tag Location: 70 - Data Location: 192 - value: b'\x00\x00\x00H\x00\x00\x00\x01'
DEBUG:PIL.TiffImagePlugin:tag: ResolutionUnit (296) - type: short (3) - value: b'\x00\x02'
DEBUG:PIL.TiffImagePlugin:tag: Software (305) - type: string (2) Tag Location: 94 - Data Location: 200 - value: b'Optio S5n Ver 1.00 \x00'
DEBUG:PIL.TiffImagePlugin:tag: DateTime (306) - type: string (2) Tag Location: 106 - Data Location: 220 - value: b'2005:06:15 18:45:10\x00'
DEBUG:PIL.TiffImagePlugin:tag: YCbCrPositioning (531) - type: short (3) - value: b'\x00\x01'
DEBUG:PIL.TiffImagePlugin:tag: ExifIFD (34665) - type: long (4) - value: b'\x00\x00\x02J'
DEBUG:PIL.TiffImagePlugin:tag: unknown (50341) - type: undefined (7) Tag Location: 142 - Data Location: 240 - value: <table: 346 bytes>
DEBUG:PIL.TiffImagePlugin:tag: Make (271) - type: string (2) Tag Location: 22 - Data Location: 122 - value: b'Canon\x00'
DEBUG:PIL.TiffImagePlugin:tag: Model (272) - type: string (2) Tag Location: 34 - Data Location: 128 - value: b'Canon EOS 10D\x00'
DEBUG:PIL.TiffImagePlugin:tag: Orientation (274) - type: short (3) - value: b'\x01\x00'
DEBUG:PIL.TiffImagePlugin:tag: XResolution (282) - type: rational (5) Tag Location: 58 - Data Location: 160 - value: b'\xb4\x00\x00\x00\x01\x00\x00\x00'
DEBUG:PIL.TiffImagePlugin:tag: YResolution (283) - type: rational (5) Tag Location: 70 - Data Location: 168 - value: b'\xb4\x00\x00\x00\x01\x00\x00\x00'
DEBUG:PIL.TiffImagePlugin:tag: ResolutionUnit (296) - type: short (3) - value: b'\x02\x00'
DEBUG:PIL.TiffImagePlugin:tag: DateTime (306) - type: string (2) Tag Location: 94 - Data Location: 176 - value: b'2007:07:04 14:38:23\x00'
DEBUG:PIL.TiffImagePlugin:tag: YCbCrPositioning (531) - type: short (3) - value: b'\x01\x00'
DEBUG:PIL.TiffImagePlugin:tag: ExifIFD (34665) - type: long (4) - value: b'\xc4\x00\x00\x00'
[synthesize] 30 done
DEBUG:PIL.TiffImagePlugin:tag: Make (271) - type: string (2) Tag Location: 22 - Data Location: 122 - value: b'Canon\x00'
DEBUG:PIL.TiffImagePlugin:tag: Model (272) - type: string (2) Tag Location: 34 - Data Location: 128 - value: b'Canon EOS DIGITAL REBEL\x00'
DEBUG:PIL.TiffImagePlugin:tag: XResolution (282) - type: rational (5) Tag Location: 46 - Data Location: 152 - value: b'\x96\x00\x00\x00\x01\x00\x00\x00'
DEBUG:PIL.TiffImagePlugin:tag: YResolution (283) - type: rational (5) Tag Location: 58 - Data Location: 160 - value: b'\x96\x00\x00\x00\x01\x00\x00\x00'
DEBUG:PIL.TiffImagePlugin:tag: ResolutionUnit (296) - type: short (3) - value: b'\x02\x00'
DEBUG:PIL.TiffImagePlugin:tag: DateTime (306) - type: string (2) Tag Location: 82 - Data Location: 168 - value: b'2010:02:21 02:04:17\x00'
DEBUG:PIL.TiffImagePlugin:tag: Artist (315) - type: string (2) Tag Location: 94 - Data Location: 188 - value: b'Brian Leon\x00'
DEBUG:PIL.TiffImagePlugin:tag: Copyright (33432) - type: string (2) Tag Location: 106 - Data Location: 200 - value: b'Brian Leon\x00'
DEBUG:PIL.TiffImagePlugin:tag: ExifIFD (34665) - type: long (4) - value: b'\xd4\x00\x00\x00'
DEBUG:PIL.TiffImagePlugin:tag: ImageDescription (270) - type: string (2) Tag Location: 22 - Data Location: 146 - value: b'          \x00'
DEBUG:PIL.TiffImagePlugin:tag: Make (271) - type: string (2) Tag Location: 34 - Data Location: 178 - value: b'NIKON\x00'
DEBUG:PIL.TiffImagePlugin:tag: Model (272) - type: string (2) Tag Location: 46 - Data Location: 202 - value: b'E5700\x00'
DEBUG:PIL.TiffImagePlugin:tag: Orientation (274) - type: short (3) - value: b'\x01\x00'
DEBUG:PIL.TiffImagePlugin:tag: XResolution (282) - type: rational (5) Tag Location: 70 - Data Location: 216 - value: b',\x01\x00\x00\x01\x00\x00\x00'
DEBUG:PIL.TiffImagePlugin:tag: YResolution (283) - type: rational (5) Tag Location: 82 - Data Location: 224 - value: b',\x01\x00\x00\x01\x00\x00\x00'
DEBUG:PIL.TiffImagePlugin:tag: ResolutionUnit (296) - type: short (3) - value: b'\x02\x00'
DEBUG:PIL.TiffImagePlugin:tag: Software (305) - type: string (2) Tag Location: 106 - Data Location: 232 - value: b'E5700v1.1\x00'
DEBUG:PIL.TiffImagePlugin:tag: DateTime (306) - type: string (2) Tag Location: 118 - Data Location: 264 - value: b'2005:03:20 13:50:11\x00'
DEBUG:PIL.TiffImagePlugin:tag: YCbCrPositioning (531) - type: short (3) - value: b'\x02\x00'
DEBUG:PIL.TiffImagePlugin:tag: ExifIFD (34665) - type: long (4) - value: b'\x1c\x01\x00\x00'
DEBUG:PIL.TiffImagePlugin:tag: Make (271) - type: string (2) Tag Location: 22 - Data Location: 134 - value: b'EASTMAN KODAK COMPANY\x00'
DEBUG:PIL.TiffImagePlugin:tag: Model (272) - type: string (2) Tag Location: 34 - Data Location: 156 - value: b'KODAK P850 ZOOM DIGITAL CAMERA\x00'
DEBUG:PIL.TiffImagePlugin:tag: Orientation (274) - type: short (3) - value: b'\x01\x00'
DEBUG:PIL.TiffImagePlugin:tag: XResolution (282) - type: rational (5) Tag Location: 58 - Data Location: 187 - value: b'\xe6\x00\x00\x00\x01\x00\x00\x00'
DEBUG:PIL.TiffImagePlugin:tag: YResolution (283) - type: rational (5) Tag Location: 70 - Data Location: 195 - value: b'\xe6\x00\x00\x00\x01\x00\x00\x00'
DEBUG:PIL.TiffImagePlugin:tag: ResolutionUnit (296) - type: short (3) - value: b'\x02\x00'
DEBUG:PIL.TiffImagePlugin:tag: Software (305) - type: string (2) Tag Location: 94 - Data Location: 203 - value: b'ACD Systems Digital Imaging\x00'
DEBUG:PIL.TiffImagePlugin:tag: DateTime (306) - type: string (2) Tag Location: 106 - Data Location: 231 - value: b'2006:11:24 02:16:05\x00'
DEBUG:PIL.TiffImagePlugin:tag: YCbCrPositioning (531) - type: short (3) - value: b'\x01\x00'
DEBUG:PIL.TiffImagePlugin:tag: ExifIFD (34665) - type: long (4) - value: b'\xfb\x00\x00\x00'
DEBUG:PIL.TiffImagePlugin:tag: Make (271) - type: string (2) Tag Location: 22 - Data Location: 206 - value: b'FUJIFILM\x00'
DEBUG:PIL.TiffImagePlugin:tag: Model (272) - type: string (2) Tag Location: 34 - Data Location: 216 - value: b'FinePix S3000 \x00'
DEBUG:PIL.TiffImagePlugin:tag: XResolution (282) - type: rational (5) Tag Location: 46 - Data Location: 232 - value: b'H\x00\x00\x00\x01\x00\x00\x00'
DEBUG:PIL.TiffImagePlugin:tag: YResolution (283) - type: rational (5) Tag Location: 58 - Data Location: 240 - value: b'H\x00\x00\x00\x01\x00\x00\x00'
DEBUG:PIL.TiffImagePlugin:tag: ResolutionUnit (296) - type: short (3) - value: b'\x02\x00'
DEBUG:PIL.TiffImagePlugin:tag: Software (305) - type: string (2) Tag Location: 82 - Data Location: 248 - value: <table: 38 bytes>
DEBUG:PIL.TiffImagePlugin:tag: DateTime (306) - type: string (2) Tag Location: 94 - Data Location: 286 - value: b'2004:10:31 12:08:05\x00'
DEBUG:PIL.TiffImagePlugin:tag: YCbCrPositioning (531) - type: short (3) - value: b'\x02\x00'
DEBUG:PIL.TiffImagePlugin:tag: Copyright (33432) - type: string (2) Tag Location: 118 - Data Location: 306 - value: b'    \x00'
DEBUG:PIL.TiffImagePlugin:tag: ExifIFD (34665) - type: long (4) - value: b'8\x01\x00\x00'
DEBUG:PIL.TiffImagePlugin:tag: CustomRendered (41985) - type: short (3) - value: b'\x00\x00'
DEBUG:PIL.TiffImagePlugin:tag: ExposureMode (41986) - type: short (3) - value: b'\x00\x00'
DEBUG:PIL.TiffImagePlugin:tag: WhiteBalance (41987) - type: short (3) - value: b'\x00\x00'
DEBUG:PIL.TiffImagePlugin:tag: SceneCaptureType (41990) - type: short (3) - value: b'\x01\x00'
DEBUG:PIL.TiffImagePlugin:tag: Sharpness (41994) - type: short (3) - value: b'\x00\x00'
DEBUG:PIL.TiffImagePlugin:tag: SubjectDistanceRange (41996) - type: short (3) - value: b'\x00\x00'
DEBUG:PIL.TiffImagePlugin:tag: Make (271) - type: string (2) Tag Location: 22 - Data Location: 134 - value: b'Canon\x00'
DEBUG:PIL.TiffImagePlugin:tag: Model (272) - type: string (2) Tag Location: 34 - Data Location: 140 - value: b'Canon EOS 40D\x00'
DEBUG:PIL.TiffImagePlugin:tag: Orientation (274) - type: short (3) - value: b'\x01\x00'
DEBUG:PIL.TiffImagePlugin:tag: XResolution (282) - type: rational (5) Tag Location: 58 - Data Location: 172 - value: b'H\x00\x00\x00\x01\x00\x00\x00'
DEBUG:PIL.TiffImagePlugin:tag: YResolution (283) - type: rational (5) Tag Location: 70 - Data Location: 180 - value: b'H\x00\x00\x00\x01\x00\x00\x00'
DEBUG:PIL.TiffImagePlugin:tag: ResolutionUnit (296) - type: short (3) - value: b'\x02\x00'
DEBUG:PIL.TiffImagePlugin:tag: DateTime (306) - type: string (2) Tag Location: 94 - Data Location: 188 - value: b'2008:07:04 23:10:30\x00'
DEBUG:PIL.TiffImagePlugin:tag: YCbCrPositioning (531) - type: short (3) - value: b'\x02\x00'
DEBUG:PIL.TiffImagePlugin:tag: ExifIFD (34665) - type: long (4) - value: b'\xd0\x00\x00\x00'
DEBUG:PIL.TiffImagePlugin:tag: GPSInfoIFD (34853) - type: long (4) - value: b'\xfa!\x00\x00'
DEBUG:PIL.TiffImagePlugin:tag: Make (271) - type: string (2) Tag Location: 22 - Data Location: 122 - value: b'Canon\x00'
DEBUG:PIL.TiffImagePlugin:tag: Model (272) - type: string (2) Tag Location: 34 - Data Location: 128 - value: b'Canon PowerShot A95\x00'
DEBUG:PIL.TiffImagePlugin:tag: XResolution (282) - type: rational (5) Tag Location: 46 - Data Location: 148 - value: b'\xb4\x00\x00\x00\x01\x00\x00\x00'
DEBUG:PIL.TiffImagePlugin:tag: YResolution (283) - type: rational (5) Tag Location: 58 - Data Location: 156 - value: b'\xb4\x00\x00\x00\x01\x00\x00\x00'
DEBUG:PIL.TiffImagePlugin:tag: ResolutionUnit (296) - type: short (3) - value: b'\x02\x00'
DEBUG:PIL.TiffImagePlugin:tag: Software (305) - type: string (2) Tag Location: 82 - Data Location: 164 - value: <table: 42 bytes>
DEBUG:PIL.TiffImagePlugin:tag: DateTime (306) - type: string (2) Tag Location: 94 - Data Location: 206 - value: b'2007:07:08 12:46:11\x00'
DEBUG:PIL.TiffImagePlugin:tag: YCbCrPositioning (531) - type: short (3) - value: b'\x01\x00'
DEBUG:PIL.TiffImagePlugin:tag: ExifIFD (34665) - type: long (4) - value: b'\xe2\x00\x00\x00'
[synthesize] 40 done
DEBUG:PIL.TiffImagePlugin:tag: Make (271) - type: string (2) Tag Location: 22 - Data Location: 98 - value: b'Canon\x00'
DEBUG:PIL.TiffImagePlugin:tag: Model (272) - type: string (2) Tag Location: 34 - Data Location: 104 - value: b'Canon EOS 5D\x00'
DEBUG:PIL.TiffImagePlugin:tag: XResolution (282) - type: rational (5) Tag Location: 46 - Data Location: 118 - value: b'\xf0\x00\x00\x00\x01\x00\x00\x00'
DEBUG:PIL.TiffImagePlugin:tag: YResolution (283) - type: rational (5) Tag Location: 58 - Data Location: 126 - value: b'\xf0\x00\x00\x00\x01\x00\x00\x00'
DEBUG:PIL.TiffImagePlugin:tag: ResolutionUnit (296) - type: short (3) - value: b'\x02\x00'
DEBUG:PIL.TiffImagePlugin:tag: DateTime (306) - type: string (2) Tag Location: 82 - Data Location: 134 - value: b'2010:01:02 17:37:15\x00'
DEBUG:PIL.TiffImagePlugin:tag: ExifIFD (34665) - type: long (4) - value: b'\x9a\x00\x00\x00'
DEBUG:PIL.TiffImagePlugin:tag: Make (271) - type: string (2) Tag Location: 22 - Data Location: 122 - value: b'Canon\x00'
DEBUG:PIL.TiffImagePlugin:tag: Model (272) - type: string (2) Tag Location: 34 - Data Location: 128 - value: b'Canon EOS DIGITAL REBEL\x00'
DEBUG:PIL.TiffImagePlugin:tag: Orientation (274) - type: short (3) - value: b'\x01\x00'
DEBUG:PIL.TiffImagePlugin:tag: XResolution (282) - type: rational (5) Tag Location: 58 - Data Location: 160 - value: b'\xb4\x00\x00\x00\x01\x00\x00\x00'
DEBUG:PIL.TiffImagePlugin:tag: YResolution (283) - type: rational (5) Tag Location: 70 - Data Location: 168 - value: b'\xb4\x00\x00\x00\x01\x00\x00\x00'
DEBUG:PIL.TiffImagePlugin:tag: ResolutionUnit (296) - type: short (3) - value: b'\x02\x00'
DEBUG:PIL.TiffImagePlugin:tag: DateTime (306) - type: string (2) Tag Location: 94 - Data Location: 176 - value: b'2006:07:01 07:57:24\x00'
DEBUG:PIL.TiffImagePlugin:tag: YCbCrPositioning (531) - type: short (3) - value: b'\x01\x00'
DEBUG:PIL.TiffImagePlugin:tag: ExifIFD (34665) - type: long (4) - value: b'\xc4\x00\x00\x00'
DEBUG:PIL.TiffImagePlugin:tag: Make (271) - type: string (2) Tag Location: 22 - Data Location: 134 - value: b'Canon\x00'
DEBUG:PIL.TiffImagePlugin:tag: Model (272) - type: string (2) Tag Location: 34 - Data Location: 140 - value: b'Canon PowerShot SD400\x00'
DEBUG:PIL.TiffImagePlugin:tag: Orientation (274) - type: short (3) - value: b'\x01\x00'
DEBUG:PIL.TiffImagePlugin:tag: XResolution (282) - type: rational (5) Tag Location: 58 - Data Location: 162 - value: b'\xb4\x00\x00\x00\x01\x00\x00\x00'
DEBUG:PIL.TiffImagePlugin:tag: YResolution (283) - type: rational (5) Tag Location: 70 - Data Location: 170 - value: b'\xb4\x00\x00\x00\x01\x00\x00\x00'
DEBUG:PIL.TiffImagePlugin:tag: ResolutionUnit (296) - type: short (3) - value: b'\x02\x00'
DEBUG:PIL.TiffImagePlugin:tag: Software (305) - type: string (2) Tag Location: 94 - Data Location: 178 - value: <table: 41 bytes>
DEBUG:PIL.TiffImagePlugin:tag: DateTime (306) - type: string (2) Tag Location: 106 - Data Location: 220 - value: b'2008:07:03 21:52:35\x00\x00'
DEBUG:PIL.TiffImagePlugin:tag: YCbCrPositioning (531) - type: short (3) - value: b'\x01\x00'
DEBUG:PIL.TiffImagePlugin:tag: ExifIFD (34665) - type: long (4) - value: b'\xf2\x00\x00\x00'
DEBUG:PIL.TiffImagePlugin:tag: ImageDescription (270) - type: string (2) Tag Location: 22 - Data Location: 146 - value: b'                               \x00'
DEBUG:PIL.TiffImagePlugin:tag: Make (271) - type: string (2) Tag Location: 34 - Data Location: 178 - value: b'SONY\x00'
DEBUG:PIL.TiffImagePlugin:tag: Model (272) - type: string (2) Tag Location: 46 - Data Location: 184 - value: b'DSC-H1\x00'
DEBUG:PIL.TiffImagePlugin:tag: Orientation (274) - type: short (3) - value: b'\x01\x00'
DEBUG:PIL.TiffImagePlugin:tag: XResolution (282) - type: rational (5) Tag Location: 70 - Data Location: 192 - value: b'H\x00\x00\x00\x01\x00\x00\x00'
DEBUG:PIL.TiffImagePlugin:tag: YResolution (283) - type: rational (5) Tag Location: 82 - Data Location: 200 - value: b'H\x00\x00\x00\x01\x00\x00\x00'
DEBUG:PIL.TiffImagePlugin:tag: ResolutionUnit (296) - type: short (3) - value: b'\x02\x00'
DEBUG:PIL.TiffImagePlugin:tag: DateTime (306) - type: string (2) Tag Location: 106 - Data Location: 208 - value: b'2006:07:03 15:43:46\x00'
DEBUG:PIL.TiffImagePlugin:tag: YCbCrPositioning (531) - type: short (3) - value: b'\x02\x00'
DEBUG:PIL.TiffImagePlugin:tag: ExifIFD (34665) - type: long (4) - value: b'\x00\x01\x00\x00'
DEBUG:PIL.TiffImagePlugin:tag: unknown (50341) - type: undefined (7) Tag Location: 142 - Data Location: 228 - value: b'PrintIM\x000300\x00\x00\x02\x00\x02\x00\x01\x00\x00\x00\x01\x01\x08\x00\x00\x00'
[synthesize] 50 done
DEBUG:PIL.TiffImagePlugin:tag: Make (271) - type: string (2) Tag Location: 22 - Data Location: 158 - value: b'Canon\x00'
DEBUG:PIL.TiffImagePlugin:tag: Model (272) - type: string (2) Tag Location: 34 - Data Location: 164 - value: b'Canon PowerShot S230\x00'
DEBUG:PIL.TiffImagePlugin:tag: Orientation (274) - type: short (3) - value: b'\x00\x01'
DEBUG:PIL.TiffImagePlugin:tag: Orientation (274) - type: short (3) - value: b'\x00\x01'
DEBUG:PIL.TiffImagePlugin:tag: XResolution (282) - type: rational (5) Tag Location: 70 - Data Location: 186 - value: b'\x00H\x00\x00\x00\x01\x00\x00'
DEBUG:PIL.TiffImagePlugin:tag: YResolution (283) - type: rational (5) Tag Location: 82 - Data Location: 194 - value: b'\x00H\x00\x00\x00\x01\x00\x00'
DEBUG:PIL.TiffImagePlugin:tag: ResolutionUnit (296) - type: short (3) - value: b'\x00\x02'
DEBUG:PIL.TiffImagePlugin:tag: Software (305) - type: string (2) Tag Location: 106 - Data Location: 202 - value: b'QuickTime 6.5.2\x00'
DEBUG:PIL.TiffImagePlugin:tag: DateTime (306) - type: string (2) Tag Location: 118 - Data Location: 218 - value: b'2005:01:15 19:00:05\x00'
DEBUG:PIL.TiffImagePlugin:tag: HostComputer (316) - type: string (2) Tag Location: 130 - Data Location: 238 - value: b'Mac OS X 10.3.7\x00'
DEBUG:PIL.TiffImagePlugin:tag: YCbCrPositioning (531) - type: short (3) - value: b'\x00\x01'
DEBUG:PIL.TiffImagePlugin:tag: ExifIFD (34665) - type: long (4) - value: b'\x00\x00\x00\xfe'
DEBUG:PIL.TiffImagePlugin:tag: Make (271) - type: string (2) Tag Location: 22 - Data Location: 158 - value: b'Canon\x00'
DEBUG:PIL.TiffImagePlugin:tag: Model (272) - type: string (2) Tag Location: 34 - Data Location: 164 - value: b'Canon EOS 350D DIGITAL\x00'
DEBUG:PIL.TiffImagePlugin:tag: Orientation (274) - type: short (3) - value: b'\x00\x01'
DEBUG:PIL.TiffImagePlugin:tag: Orientation (274) - type: short (3) - value: b'\x00\x01'
DEBUG:PIL.TiffImagePlugin:tag: XResolution (282) - type: rational (5) Tag Location: 70 - Data Location: 188 - value: b'\x00H\x00\x00\x00\x01\x00\x00'
DEBUG:PIL.TiffImagePlugin:tag: YResolution (283) - type: rational (5) Tag Location: 82 - Data Location: 196 - value: b'\x00H\x00\x00\x00\x01\x00\x00'
DEBUG:PIL.TiffImagePlugin:tag: ResolutionUnit (296) - type: short (3) - value: b'\x00\x02'
DEBUG:PIL.TiffImagePlugin:tag: Software (305) - type: string (2) Tag Location: 106 - Data Location: 204 - value: b'QuickTime 6.5.3\x00'
DEBUG:PIL.TiffImagePlugin:tag: DateTime (306) - type: string (2) Tag Location: 118 - Data Location: 220 - value: b'2007:01:03 14:39:01\x00'
DEBUG:PIL.TiffImagePlugin:tag: HostComputer (316) - type: string (2) Tag Location: 130 - Data Location: 240 - value: b'Mac OS X 10.2.8\x00'
DEBUG:PIL.TiffImagePlugin:tag: YCbCrPositioning (531) - type: short (3) - value: b'\x00\x02'
DEBUG:PIL.TiffImagePlugin:tag: ExifIFD (34665) - type: long (4) - value: b'\x00\x00\x01\x00'
DEBUG:PIL.TiffImagePlugin:tag: ImageDescription (270) - type: string (2) Tag Location: 22 - Data Location: 146 - value: b'                               \x00'
DEBUG:PIL.TiffImagePlugin:tag: Make (271) - type: string (2) Tag Location: 34 - Data Location: 178 - value: b'SONY\x00'
DEBUG:PIL.TiffImagePlugin:tag: Model (272) - type: string (2) Tag Location: 46 - Data Location: 184 - value: b'DSC-H1\x00'
DEBUG:PIL.TiffImagePlugin:tag: Orientation (274) - type: short (3) - value: b'\x01\x00'
DEBUG:PIL.TiffImagePlugin:tag: XResolution (282) - type: rational (5) Tag Location: 70 - Data Location: 192 - value: b'H\x00\x00\x00\x01\x00\x00\x00'
DEBUG:PIL.TiffImagePlugin:tag: YResolution (283) - type: rational (5) Tag Location: 82 - Data Location: 200 - value: b'H\x00\x00\x00\x01\x00\x00\x00'
DEBUG:PIL.TiffImagePlugin:tag: ResolutionUnit (296) - type: short (3) - value: b'\x02\x00'
DEBUG:PIL.TiffImagePlugin:tag: DateTime (306) - type: string (2) Tag Location: 106 - Data Location: 208 - value: b'2007:07:04 21:19:24\x00'
DEBUG:PIL.TiffImagePlugin:tag: YCbCrPositioning (531) - type: short (3) - value: b'\x02\x00'
DEBUG:PIL.TiffImagePlugin:tag: ExifIFD (34665) - type: long (4) - value: b'\x00\x01\x00\x00'
DEBUG:PIL.TiffImagePlugin:tag: unknown (50341) - type: undefined (7) Tag Location: 142 - Data Location: 228 - value: b'PrintIM\x000300\x00\x00\x02\x00\x02\x00\x01\x00\x00\x00\x01\x01\x01\x00\x00\x00'
[synthesize] total=56 synthesized=56 skipped=0
[synthesize] gt_distribution={'happy': 17, 'sad': 2, 'neutral': 34, 'surprise': 3}
[synthesize] wavs_dir=/home/ubuntu/emonarrify/outputs/ser_e2e_wavs_fallback
[synthesize] pipeline_jsonl=/home/ubuntu/emonarrify/outputs/ser_e2e_pipeline_fallback.jsonl
